  Verificando fontes para dependências de módulo...
libcpmtd.lib(mutex.obj) : error LNK2001: símbolo externo não resolvido _calloc_dbg
libcpmtd.lib(cond.obj) : error LNK2001: símbolo externo não resolvido _calloc_dbg
libcpmtd.lib(wlocale.obj) : error LNK2001: símbolo externo não resolvido _calloc_dbg
libcpmtd.lib(xlocale.obj) : error LNK2001: símbolo externo não resolvido _calloc_dbg
main.obj : error LNK2001: símbolo externo não resolvido _calloc_dbg
Objects.obj : error LNK2001: símbolo externo não resolvido _calloc_dbg
libcpmtd.lib(_tolower.obj) : error LNK2001: símbolo externo não resolvido _calloc_dbg
libcpmtd.lib(locale.obj) : error LNK2001: símbolo externo não resolvido _calloc_dbg
libcpmtd.lib(xwcsxfrm.obj) : error LNK2001: símbolo externo não resolvido _free_dbg
libcpmtd.lib(StlCompareStringA.obj) : error LNK2001: símbolo externo não resolvido _free_dbg
libcpmtd.lib(mutex.obj) : error LNK2001: símbolo externo não resolvido _free_dbg
libcpmtd.lib(cond.obj) : error LNK2001: símbolo externo não resolvido _free_dbg
libcpmtd.lib(wlocale.obj) : error LNK2001: símbolo externo não resolvido _free_dbg
libcpmtd.lib(xlocale.obj) : error LNK2001: símbolo externo não resolvido _free_dbg
libcpmtd.lib(cerr.obj) : error LNK2001: símbolo externo não resolvido _free_dbg
libcpmtd.lib(filesystem.obj) : error LNK2001: símbolo externo não resolvido _free_dbg
libcpmtd.lib(locale.obj) : error LNK2001: símbolo externo não resolvido _free_dbg
libcpmtd.lib(StlLCMapStringA.obj) : error LNK2001: símbolo externo não resolvido _free_dbg
main.obj : error LNK2001: símbolo externo não resolvido _free_dbg
Objects.obj : error LNK2001: símbolo externo não resolvido _free_dbg
libcpmtd.lib(locale0.obj) : error LNK2001: símbolo externo não resolvido _free_dbg
libcpmtd.lib(cout.obj) : error LNK2001: símbolo externo não resolvido _free_dbg
libcpmtd.lib(wlocale.obj) : error LNK2001: símbolo externo não resolvido _malloc_dbg
libcpmtd.lib(xlocale.obj) : error LNK2001: símbolo externo não resolvido _malloc_dbg
libcpmtd.lib(xwcsxfrm.obj) : error LNK2001: símbolo externo não resolvido _malloc_dbg
libcpmtd.lib(StlCompareStringA.obj) : error LNK2001: símbolo externo não resolvido _malloc_dbg
libcpmtd.lib(cerr.obj) : error LNK2001: símbolo externo não resolvido _malloc_dbg
libcpmtd.lib(filesystem.obj) : error LNK2001: símbolo externo não resolvido _malloc_dbg
libcpmtd.lib(locale.obj) : error LNK2001: símbolo externo não resolvido _malloc_dbg
libcpmtd.lib(StlLCMapStringA.obj) : error LNK2001: símbolo externo não resolvido _malloc_dbg
main.obj : error LNK2001: símbolo externo não resolvido _malloc_dbg
Objects.obj : error LNK2001: símbolo externo não resolvido _malloc_dbg
libcpmtd.lib(locale0.obj) : error LNK2001: símbolo externo não resolvido _malloc_dbg
libcpmtd.lib(cout.obj) : error LNK2001: símbolo externo não resolvido _malloc_dbg
libcpmtd.lib(thread0.obj) : error LNK2001: símbolo externo não resolvido _CrtDbgReport
libcpmtd.lib(wlocale.obj) : error LNK2001: símbolo externo não resolvido _CrtDbgReport
libcpmtd.lib(xlocale.obj) : error LNK2001: símbolo externo não resolvido _CrtDbgReport
libcpmtd.lib(cout.obj) : error LNK2001: símbolo externo não resolvido _CrtDbgReport
libcpmtd.lib(cerr.obj) : error LNK2001: símbolo externo não resolvido _CrtDbgReport
libcpmtd.lib(atomic_wait.obj) : error LNK2001: símbolo externo não resolvido _CrtDbgReport
libcpmtd.lib(locale.obj) : error LNK2001: símbolo externo não resolvido _CrtDbgReport
main.obj : error LNK2001: símbolo externo não resolvido _CrtDbgReport
Objects.obj : error LNK2001: símbolo externo não resolvido _CrtDbgReport
std.ixx.obj : error LNK2001: símbolo externo não resolvido _CrtDbgReport
libcpmtd.lib(xtime.obj) : error LNK2001: símbolo externo não resolvido _CrtDbgReport
libcpmtd.lib(StlCompareStringA.obj) : error LNK2001: símbolo externo não resolvido _CrtDbgReportW
std.ixx.obj : error LNK2001: símbolo externo não resolvido _CrtDbgReportW
libcpmtd.lib(taskscheduler.obj) : error LNK2001: símbolo externo não resolvido _CrtDbgReportW
libcpmtd.lib(StlLCMapStringA.obj) : error LNK2001: símbolo externo não resolvido _CrtDbgReportW
libcpmtd.lib(xmbtowc.obj) : error LNK2001: símbolo externo não resolvido _CrtDbgReportW
libcpmtd.lib(_tolower.obj) : error LNK2019: símbolo externo não resolvido, _wcsdup_dbg, referenciado na função _Getctype
libcpmtd.lib(xstrcoll.obj) : error LNK2001: símbolo externo não resolvido _wcsdup_dbg
libcpmtd.lib(locale.obj) : error LNK2019: símbolo externo não resolvido, _realloc_dbg, referenciado na função "private: static void __cdecl std::locale::_Locimp::_Locimp_Addfac(class std::locale::_Locimp *,class std::locale::facet *,unsigned __int64)" (?_Locimp_Addfac@_Locimp@locale@std@@CAXPEAV123@PEAVfacet@23@_K@Z)
C:\Users\Euler\Desktop\Meu Raytracer\Raytracer\x64\Debug\Raytracer.exe : fatal error LNK1120: 7 externo não resolvidos
